<?xml version="1.0" encoding="UTF-8"?>
<!-- Generated by org.testng.reporters.JUnitReportReporter -->
<testsuite hostname="LAPTOP-0STQ7AK3" failures="0" tests="3" name="com.test.run.Runner" time="6.486" errors="0" timestamp="2025-02-09T12:50:25 EST" skipped="0">
  <testcase classname="com.test.run.Runner" name="runScenario" time="1.824"/>
  <system-out/>
  <testcase classname="com.test.run.Runner" name="runScenario" time="1.777"/>
  <system-out/>
  <testcase classname="com.test.run.Runner" name="runScenario" time="2.885"/>
  <system-out/>
</testsuite> <!-- com.test.run.Runner -->
