<?xml version="1.0" encoding="UTF-8"?>
<!-- Generated by org.testng.reporters.JUnitReportReporter -->
<testsuite hostname="LAPTOP-0STQ7AK3" failures="0" tests="7" name="com.test.run.Runner" time="13.075" errors="0" timestamp="2025-02-09T13:14:27 EST" skipped="0">
  <testcase classname="com.test.run.Runner" name="runScenario" time="1.709"/>
  <system-out/>
  <testcase classname="com.test.run.Runner" name="runScenario" time="1.853"/>
  <system-out/>
  <testcase classname="com.test.run.Runner" name="runScenario" time="1.743"/>
  <system-out/>
  <testcase classname="com.test.run.Runner" name="runScenario" time="1.902"/>
  <system-out/>
  <testcase classname="com.test.run.Runner" name="runScenario" time="2.366"/>
  <system-out/>
  <testcase classname="com.test.run.Runner" name="runScenario" time="1.809"/>
  <system-out/>
  <testcase classname="com.test.run.Runner" name="runScenario" time="1.693"/>
  <system-out/>
</testsuite> <!-- com.test.run.Runner -->
